2022-06-22T21:27:42+00:00 CRITICAL Uncaught Error: Class 'Elementor\Scheme_Typography' not found in /var/www/html/wp-content/plugins/ova-collections/elementor/widgets/ova-collections.php:152
Stack trace:
#0 /var/www/html/wp-content/plugins/elementor/includes/base/controls-stack.php(2280): ova_collections_elementor\Widgets\ova_collections->_register_controls()
#1 /var/www/html/wp-content/plugins/elementor/includes/base/controls-stack.php(494): Elementor\Controls_Stack->init_controls()
#2 /var/www/html/wp-content/plugins/elementor/includes/base/widget-base.php(177): Elementor\Controls_Stack->get_stack()
#3 /var/www/html/wp-content/plugins/elementor/includes/managers/widgets.php(336): Elementor\Widget_Base->get_stack(false)
#4 [internal function]: Elementor\Widgets_Manager->ajax_get_widget_types_controls_config(Array, Object(Elementor\Core\Common\Modules\Ajax\Module))
#5 /var/www/html/wp-content/plugins/elementor/core/common/modules/ajax/module.php(171): call_user_func(Array, Array, Object(Elementor\Core\Common\Modules\Ajax\Module))
#6 /var/www/h in /var/www/html/wp-content/plugins/ova-collections/elementor/widgets/ova-collections.php on line 152

2022-06-22T21:44:43+00:00 CRITICAL Uncaught Error: Class 'Elementor\Scheme_Color' not found in /var/www/html/wp-content/plugins/ova-framework/ova-elementor/widgets/ova-henbergar_menu.php:143
Stack trace:
#0 /var/www/html/wp-content/plugins/elementor/includes/base/controls-stack.php(2280): ova_framework\Widgets\henbergar_menu->_register_controls()
#1 /var/www/html/wp-content/plugins/elementor/includes/base/controls-stack.php(494): Elementor\Controls_Stack->init_controls()
#2 /var/www/html/wp-content/plugins/elementor/includes/base/widget-base.php(177): Elementor\Controls_Stack->get_stack()
#3 /var/www/html/wp-content/plugins/elementor/includes/base/controls-stack.php(300): Elementor\Widget_Base->get_stack()
#4 /var/www/html/wp-content/plugins/elementor/includes/base/controls-stack.php(2369): Elementor\Controls_Stack->get_controls()
#5 /var/www/html/wp-content/plugins/elementor/includes/base/controls-stack.php(1105): Elementor\Controls_Stack->sanitize_settings(Array)
#6 /var/www/html/wp-content/plugins/elementor/includes/base/controls-stack.php( in /var/www/html/wp-content/plugins/ova-framework/ova-elementor/widgets/ova-henbergar_menu.php on line 143

2022-06-22T21:47:38+00:00 CRITICAL Uncaught Error: Class 'Elementor\Scheme_Color' not found in /var/www/html/wp-content/plugins/ova-framework/ova-elementor/widgets/ova-henbergar_menu.php:143
Stack trace:
#0 /var/www/html/wp-content/plugins/elementor/includes/base/controls-stack.php(2280): ova_framework\Widgets\henbergar_menu->_register_controls()
#1 /var/www/html/wp-content/plugins/elementor/includes/base/controls-stack.php(494): Elementor\Controls_Stack->init_controls()
#2 /var/www/html/wp-content/plugins/elementor/includes/base/widget-base.php(177): Elementor\Controls_Stack->get_stack()
#3 /var/www/html/wp-content/plugins/elementor/includes/base/controls-stack.php(300): Elementor\Widget_Base->get_stack()
#4 /var/www/html/wp-content/plugins/elementor/includes/base/controls-stack.php(2369): Elementor\Controls_Stack->get_controls()
#5 /var/www/html/wp-content/plugins/elementor/includes/base/controls-stack.php(1105): Elementor\Controls_Stack->sanitize_settings(Array)
#6 /var/www/html/wp-content/plugins/elementor/includes/base/controls-stack.php( in /var/www/html/wp-content/plugins/ova-framework/ova-elementor/widgets/ova-henbergar_menu.php on line 143

2022-06-22T21:50:28+00:00 CRITICAL Uncaught Error: Class 'Elementor\Scheme_Color' not found in /var/www/html/wp-content/plugins/ova-framework/ova-elementor/widgets/ova-henbergar_menu.php:143
Stack trace:
#0 /var/www/html/wp-content/plugins/elementor/includes/base/controls-stack.php(2280): ova_framework\Widgets\henbergar_menu->_register_controls()
#1 /var/www/html/wp-content/plugins/elementor/includes/base/controls-stack.php(494): Elementor\Controls_Stack->init_controls()
#2 /var/www/html/wp-content/plugins/elementor/includes/base/widget-base.php(177): Elementor\Controls_Stack->get_stack()
#3 /var/www/html/wp-content/plugins/elementor/includes/base/controls-stack.php(300): Elementor\Widget_Base->get_stack()
#4 /var/www/html/wp-content/plugins/elementor/includes/base/controls-stack.php(2369): Elementor\Controls_Stack->get_controls()
#5 /var/www/html/wp-content/plugins/elementor/includes/base/controls-stack.php(1105): Elementor\Controls_Stack->sanitize_settings(Array)
#6 /var/www/html/wp-content/plugins/elementor/includes/base/controls-stack.php( in /var/www/html/wp-content/plugins/ova-framework/ova-elementor/widgets/ova-henbergar_menu.php on line 143

